Determining if the pthread_create exist failed with the following output:
Change Dir: /home/localguest/Documents/SVIII/Neurone/gtest/doxygen/build/CMakeFiles/CMakeTmp

Run Build Command:"/usr/bin/make" "cmTryCompileExec1215924474/fast"
/usr/bin/make -f CMakeFiles/cmTryCompileExec1215924474.dir/build.make CMakeFiles/cmTryCompileExec1215924474.dir/build
make[1]: Entering directory `/home/localguest/Documents/SVIII/Neurone/gtest/doxygen/build/CMakeFiles/CMakeTmp'
/usr/local/bin/cmake -E cmake_progress_report /home/localguest/Documents/SVIII/Neurone/gtest/doxygen/build/CMakeFiles/CMakeTmp/CMakeFiles 1
Building C object CMakeFiles/cmTryCompileExec1215924474.dir/CheckSymbolExists.c.o
/usr/bin/cc    -o CMakeFiles/cmTryCompileExec1215924474.dir/CheckSymbolExists.c.o   -c /home/localguest/Documents/SVIII/Neurone/gtest/doxygen/build/CMakeFiles/CMakeTmp/CheckSymbolExists.c
Linking C executable cmTryCompileExec1215924474
/usr/local/bin/cmake -E cmake_link_script CMakeFiles/cmTryCompileExec1215924474.dir/link.txt --verbose=1
/usr/bin/cc       CMakeFiles/cmTryCompileExec1215924474.dir/CheckSymbolExists.c.o  -o cmTryCompileExec1215924474 -rdynamic 
CMakeFiles/cmTryCompileExec1215924474.dir/CheckSymbolExists.c.o: In function `main':
CheckSymbolExists.c:(.text+0x16): undefined reference to `pthread_create'
collect2: error: ld returned 1 exit status
make[1]: Leaving directory `/home/localguest/Documents/SVIII/Neurone/gtest/doxygen/build/CMakeFiles/CMakeTmp'
make[1]: *** [cmTryCompileExec1215924474] Error 1
make: *** [cmTryCompileExec1215924474/fast] Error 2

File /home/localguest/Documents/SVIII/Neurone/gtest/doxygen/build/CMakeFiles/CMakeTmp/CheckSymbolExists.c:
/* */
#include <pthread.h>

int main(int argc, char** argv)
{
  (void)argv;
#ifndef pthread_create
  return ((int*)(&pthread_create))[argc];
#else
  (void)argc;
  return 0;
#endif
}

Determining if the function pthread_create exists in the pthreads failed with the following output:
Change Dir: /home/localguest/Documents/SVIII/Neurone/gtest/doxygen/build/CMakeFiles/CMakeTmp

Run Build Command:"/usr/bin/make" "cmTryCompileExec3780985066/fast"
/usr/bin/make -f CMakeFiles/cmTryCompileExec3780985066.dir/build.make CMakeFiles/cmTryCompileExec3780985066.dir/build
make[1]: Entering directory `/home/localguest/Documents/SVIII/Neurone/gtest/doxygen/build/CMakeFiles/CMakeTmp'
/usr/local/bin/cmake -E cmake_progress_report /home/localguest/Documents/SVIII/Neurone/gtest/doxygen/build/CMakeFiles/CMakeTmp/CMakeFiles 1
Building C object CMakeFiles/cmTryCompileExec3780985066.dir/CheckFunctionExists.c.o
/usr/bin/cc   -DCHECK_FUNCTION_EXISTS=pthread_create   -o CMakeFiles/cmTryCompileExec3780985066.dir/CheckFunctionExists.c.o   -c /usr/local/share/cmake-3.2/Modules/CheckFunctionExists.c
Linking C executable cmTryCompileExec3780985066
/usr/local/bin/cmake -E cmake_link_script CMakeFiles/cmTryCompileExec3780985066.dir/link.txt --verbose=1
/usr/bin/cc   -DCHECK_FUNCTION_EXISTS=pthread_create    CMakeFiles/cmTryCompileExec3780985066.dir/CheckFunctionExists.c.o  -o cmTryCompileExec3780985066 -rdynamic -lpthreads 
/usr/bin/ld: cannot find -lpthreads
collect2: error: ld returned 1 exit status
make[1]: Leaving directory `/home/localguest/Documents/SVIII/Neurone/gtest/doxygen/build/CMakeFiles/CMakeTmp'
make[1]: *** [cmTryCompileExec3780985066] Error 1
make: *** [cmTryCompileExec3780985066/fast] Error 2


Performing C++ SOURCE FILE Test ICONV_ACCEPTS_CONST_INPUT failed with the following output:
Change Dir: /home/localguest/Documents/SVIII/Neurone/gtest/doxygen/build/CMakeFiles/CMakeTmp

Run Build Command:"/usr/bin/make" "cmTryCompileExec1154254599/fast"
/usr/bin/make -f CMakeFiles/cmTryCompileExec1154254599.dir/build.make CMakeFiles/cmTryCompileExec1154254599.dir/build
make[1]: Entering directory `/home/localguest/Documents/SVIII/Neurone/gtest/doxygen/build/CMakeFiles/CMakeTmp'
/usr/local/bin/cmake -E cmake_progress_report /home/localguest/Documents/SVIII/Neurone/gtest/doxygen/build/CMakeFiles/CMakeTmp/CMakeFiles 1
Building CXX object CMakeFiles/cmTryCompileExec1154254599.dir/src.cxx.o
/usr/bin/c++    -DICONV_ACCEPTS_CONST_INPUT   -o CMakeFiles/cmTryCompileExec1154254599.dir/src.cxx.o -c /home/localguest/Documents/SVIII/Neurone/gtest/doxygen/build/CMakeFiles/CMakeTmp/src.cxx
/home/localguest/Documents/SVIII/Neurone/gtest/doxygen/build/CMakeFiles/CMakeTmp/src.cxx: In function ‘int main()’:
/home/localguest/Documents/SVIII/Neurone/gtest/doxygen/build/CMakeFiles/CMakeTmp/src.cxx:4:43: error: invalid conversion from ‘const char**’ to ‘char**’ [-fpermissive]
             iconv(iconv_t(-1), &p, 0, 0, 0);
                                           ^
In file included from /home/localguest/Documents/SVIII/Neurone/gtest/doxygen/build/CMakeFiles/CMakeTmp/src.cxx:1:0:
/usr/include/iconv.h:42:15: error:   initializing argument 2 of ‘size_t iconv(iconv_t, char**, size_t*, char**, size_t*)’ [-fpermissive]
 extern size_t iconv (iconv_t __cd, char **__restrict __inbuf,
               ^
make[1]: Leaving directory `/home/localguest/Documents/SVIII/Neurone/gtest/doxygen/build/CMakeFiles/CMakeTmp'
make[1]: *** [CMakeFiles/cmTryCompileExec1154254599.dir/src.cxx.o] Error 1
make: *** [cmTryCompileExec1154254599/fast] Error 2

Source file was:
#include <iconv.h>
         int main() {
            char const *p = 0;
            iconv(iconv_t(-1), &p, 0, 0, 0);
         }
